2020-10-21T22:17:44-0400 [INFO    ] dandi Traversing remote dandisets (000041) recursively
2020-10-21T22:17:44-0400 [INFO    ] backups2datalad.py Updating metadata file
2020-10-21T22:17:45-0400 [INFO    ] backups2datalad.py Syncing asset /sub-Bogey/sub-Bogey_ses-Bogey-012615_ecephys.nwb
2020-10-21T22:17:46-0400 [INFO    ] backups2datalad.py Asset not in dataset; will copy
2020-10-21T22:17:46-0400 [INFO    ] backups2datalad.py cp /mnt/backup/dandi/dandiarchive-s3-backup/girder-assetstore/1d/c5/1dc5e5f715554951b8a9d9c701461dc5 -> /mnt/backup/dandi/dandisets/000041/sub-Bogey/sub-Bogey_ses-Bogey-012615_ecephys.nwb
2020-10-21T22:17:46-0400 [INFO    ] backups2datalad.py Adding asset to dataset
2020-10-21T22:18:44-0400 [INFO    ] backups2datalad.py Adding URL https://dandiarchive.s3.amazonaws.com/girder-assetstore/1d/c5/1dc5e5f715554951b8a9d9c701461dc5?versionId=kG.zLHxOFnL6hSSF3anjQey2gVvDCQDu to asset
2020-10-21T22:18:44-0400 [INFO    ] backups2datalad.py Syncing asset /sub-BWRat17/sub-BWRat17_ses-BWRat17-121712_ecephys.nwb
2020-10-21T22:18:44-0400 [INFO    ] backups2datalad.py Asset not in dataset; will copy
2020-10-21T22:18:44-0400 [INFO    ] backups2datalad.py Asset not found in assetstore; downloading from https://dandiarchive.s3.amazonaws.com/girder-assetstore/b5/53/b5535aefd4c944c4b271f6dbc8381eb7?versionId=zPwqPGeTbqFV30KRWc5IAwk1ruTwpU2K
2020-10-21T22:18:44-0400 [INFO    ] datalad.downloaders Downloading 'https://dandiarchive.s3.amazonaws.com/girder-assetstore/b5/53/b5535aefd4c944c4b271f6dbc8381eb7?versionId=zPwqPGeTbqFV30KRWc5IAwk1ruTwpU2K' into '/mnt/backup/dandi/dandisets/000041/sub-BWRat17/sub-BWRat17_ses-BWRat17-121712_ecephys.nwb'
2020-10-21T22:19:26-0400 [INFO    ] backups2datalad.py Syncing asset /sub-BWRat17/sub-BWRat17_ses-BWRat17-121912_ecephys.nwb
2020-10-21T22:19:27-0400 [INFO    ] backups2datalad.py Asset not in dataset; will copy
2020-10-21T22:19:27-0400 [INFO    ] backups2datalad.py Asset not found in assetstore; downloading from https://dandiarchive.s3.amazonaws.com/girder-assetstore/26/10/261083b887254cd2955fb3b7fa81a127?versionId=bbTh4ueZGEIV_0RpOOKlqSQjwfN1_8Kl
2020-10-21T22:19:27-0400 [INFO    ] datalad.downloaders Downloading 'https://dandiarchive.s3.amazonaws.com/girder-assetstore/26/10/261083b887254cd2955fb3b7fa81a127?versionId=bbTh4ueZGEIV_0RpOOKlqSQjwfN1_8Kl' into '/mnt/backup/dandi/dandisets/000041/sub-BWRat17/sub-BWRat17_ses-BWRat17-121912_ecephys.nwb'
2020-10-21T22:19:51-0400 [INFO    ] backups2datalad.py Syncing asset /sub-BWRat18/sub-BWRat18_ses-BWRat18-020513_ecephys.nwb
2020-10-21T22:19:51-0400 [INFO    ] backups2datalad.py Asset not in dataset; will copy
2020-10-21T22:19:51-0400 [INFO    ] backups2datalad.py cp /mnt/backup/dandi/dandiarchive-s3-backup/girder-assetstore/f4/5a/f45a8f58f9814a95a9fa474125ad766a -> /mnt/backup/dandi/dandisets/000041/sub-BWRat18/sub-BWRat18_ses-BWRat18-020513_ecephys.nwb
2020-10-21T22:19:51-0400 [INFO    ] backups2datalad.py Adding asset to dataset
2020-10-21T22:20:10-0400 [INFO    ] backups2datalad.py Adding URL https://dandiarchive.s3.amazonaws.com/girder-assetstore/f4/5a/f45a8f58f9814a95a9fa474125ad766a?versionId=NhCWUG63YO2xD2lXc3rD.xEmb7DVB6zT to asset
2020-10-21T22:20:10-0400 [INFO    ] backups2datalad.py Syncing asset /sub-BWRat19/sub-BWRat19_ses-BWRat19-032413_ecephys.nwb
2020-10-21T22:20:11-0400 [INFO    ] backups2datalad.py Asset not in dataset; will copy
2020-10-21T22:20:11-0400 [INFO    ] backups2datalad.py cp /mnt/backup/dandi/dandiarchive-s3-backup/girder-assetstore/46/82/4682f334cf594560ae4fc7f829fc7d89 -> /mnt/backup/dandi/dandisets/000041/sub-BWRat19/sub-BWRat19_ses-BWRat19-032413_ecephys.nwb
2020-10-21T22:20:11-0400 [INFO    ] backups2datalad.py Adding asset to dataset
2020-10-21T22:20:34-0400 [INFO    ] backups2datalad.py Adding URL https://dandiarchive.s3.amazonaws.com/girder-assetstore/46/82/4682f334cf594560ae4fc7f829fc7d89?versionId=H5qXWdBzW4MGp8UWqt.K2Kiqv06FB0W4 to asset
2020-10-21T22:20:34-0400 [INFO    ] backups2datalad.py Syncing asset /sub-BWRat19/sub-BWRat19_ses-BWRat19-032513_ecephys.nwb
2020-10-21T22:20:35-0400 [INFO    ] backups2datalad.py Asset not in dataset; will copy
2020-10-21T22:20:35-0400 [INFO    ] backups2datalad.py Asset not found in assetstore; downloading from https://dandiarchive.s3.amazonaws.com/girder-assetstore/1a/f1/1af122fb1e86403cb0adc66fc9c4e1d6?versionId=twC1aWWMt.9vOpjr_lGkARtEGGv3R2fz
2020-10-21T22:20:35-0400 [INFO    ] datalad.downloaders Downloading 'https://dandiarchive.s3.amazonaws.com/girder-assetstore/1a/f1/1af122fb1e86403cb0adc66fc9c4e1d6?versionId=twC1aWWMt.9vOpjr_lGkARtEGGv3R2fz' into '/mnt/backup/dandi/dandisets/000041/sub-BWRat19/sub-BWRat19_ses-BWRat19-032513_ecephys.nwb'
2020-10-21T22:21:26-0400 [INFO    ] backups2datalad.py Syncing asset /sub-BWRat20/sub-BWRat20_ses-BWRat20-101013_ecephys.nwb
2020-10-21T22:21:26-0400 [INFO    ] backups2datalad.py Asset not in dataset; will copy
2020-10-21T22:21:26-0400 [INFO    ] backups2datalad.py Asset not found in assetstore; downloading from https://dandiarchive.s3.amazonaws.com/girder-assetstore/0b/aa/0baa1db226c5423f87640f342215f322?versionId=NTRPec45bvbskd5IC2gr1IByudQ3_ex_
2020-10-21T22:21:26-0400 [INFO    ] datalad.downloaders Downloading 'https://dandiarchive.s3.amazonaws.com/girder-assetstore/0b/aa/0baa1db226c5423f87640f342215f322?versionId=NTRPec45bvbskd5IC2gr1IByudQ3_ex_' into '/mnt/backup/dandi/dandisets/000041/sub-BWRat20/sub-BWRat20_ses-BWRat20-101013_ecephys.nwb'
2020-10-21T22:22:50-0400 [INFO    ] backups2datalad.py Syncing asset /sub-BWRat20/sub-BWRat20_ses-BWRat20-101513_ecephys.nwb
2020-10-21T22:22:50-0400 [INFO    ] backups2datalad.py Asset not in dataset; will copy
2020-10-21T22:22:50-0400 [INFO    ] backups2datalad.py Asset not found in assetstore; downloading from https://dandiarchive.s3.amazonaws.com/girder-assetstore/cc/ab/ccabfc7d36fb4f5a9650f49f8775b06c?versionId=4JSZmMwUMsw5c0Y7am8ci1zUp0YnZ.iC
2020-10-21T22:22:50-0400 [INFO    ] datalad.downloaders Downloading 'https://dandiarchive.s3.amazonaws.com/girder-assetstore/cc/ab/ccabfc7d36fb4f5a9650f49f8775b06c?versionId=4JSZmMwUMsw5c0Y7am8ci1zUp0YnZ.iC' into '/mnt/backup/dandi/dandisets/000041/sub-BWRat20/sub-BWRat20_ses-BWRat20-101513_ecephys.nwb'
2020-10-21T22:24:38-0400 [INFO    ] backups2datalad.py Syncing asset /sub-BWRat21/sub-BWRat21_ses-BWRat21-121113_ecephys.nwb
2020-10-21T22:24:39-0400 [INFO    ] backups2datalad.py Asset not in dataset; will copy
2020-10-21T22:24:39-0400 [INFO    ] backups2datalad.py Asset not found in assetstore; downloading from https://dandiarchive.s3.amazonaws.com/girder-assetstore/3c/15/3c158747f688475f8a8d1de62abf91b3?versionId=fQkC9XFl9SVp.m6CgjFGN8tDxcYZ9tN6
2020-10-21T22:24:39-0400 [INFO    ] datalad.downloaders Downloading 'https://dandiarchive.s3.amazonaws.com/girder-assetstore/3c/15/3c158747f688475f8a8d1de62abf91b3?versionId=fQkC9XFl9SVp.m6CgjFGN8tDxcYZ9tN6' into '/mnt/backup/dandi/dandisets/000041/sub-BWRat21/sub-BWRat21_ses-BWRat21-121113_ecephys.nwb'
2020-10-21T22:26:59-0400 [INFO    ] backups2datalad.py Syncing asset /sub-BWRat21/sub-BWRat21_ses-BWRat21-121613_ecephys.nwb
2020-10-21T22:26:59-0400 [INFO    ] backups2datalad.py Asset not in dataset; will copy
2020-10-21T22:26:59-0400 [INFO    ] backups2datalad.py Asset not found in assetstore; downloading from https://dandiarchive.s3.amazonaws.com/girder-assetstore/a2/8c/a28c431a763347aba7f624a06f7d6b05?versionId=S33slCFtOJ4xDg.foaj8c0RIFnifHnE5
2020-10-21T22:26:59-0400 [INFO    ] datalad.downloaders Downloading 'https://dandiarchive.s3.amazonaws.com/girder-assetstore/a2/8c/a28c431a763347aba7f624a06f7d6b05?versionId=S33slCFtOJ4xDg.foaj8c0RIFnifHnE5' into '/mnt/backup/dandi/dandisets/000041/sub-BWRat21/sub-BWRat21_ses-BWRat21-121613_ecephys.nwb'
2020-10-21T22:28:16-0400 [INFO    ] backups2datalad.py Syncing asset /sub-BWRat21/sub-BWRat21_ses-BWRat21-121813_ecephys.nwb
2020-10-21T22:28:17-0400 [INFO    ] backups2datalad.py Asset not in dataset; will copy
2020-10-21T22:28:17-0400 [INFO    ] backups2datalad.py Asset not found in assetstore; downloading from https://dandiarchive.s3.amazonaws.com/girder-assetstore/e1/a6/e1a644cbbba344e1b5d28356706fae08?versionId=pMoD5sTsq.tKh2Kx_et6eqlgyM0f3kfe
2020-10-21T22:28:17-0400 [INFO    ] datalad.downloaders Downloading 'https://dandiarchive.s3.amazonaws.com/girder-assetstore/e1/a6/e1a644cbbba344e1b5d28356706fae08?versionId=pMoD5sTsq.tKh2Kx_et6eqlgyM0f3kfe' into '/mnt/backup/dandi/dandisets/000041/sub-BWRat21/sub-BWRat21_ses-BWRat21-121813_ecephys.nwb'
2020-10-21T22:29:25-0400 [INFO    ] backups2datalad.py Syncing asset /sub-Dino/sub-Dino_ses-Dino-061814_ecephys.nwb
2020-10-21T22:29:25-0400 [INFO    ] backups2datalad.py Asset not in dataset; will copy
2020-10-21T22:29:25-0400 [INFO    ] backups2datalad.py Asset not found in assetstore; downloading from https://dandiarchive.s3.amazonaws.com/girder-assetstore/a8/67/a8676131ce324dd6ac43989bdd2aba2c?versionId=Nd9_ewpJdrxakGkuhEiDASSvHjXC_ifu
2020-10-21T22:29:25-0400 [INFO    ] datalad.downloaders Downloading 'https://dandiarchive.s3.amazonaws.com/girder-assetstore/a8/67/a8676131ce324dd6ac43989bdd2aba2c?versionId=Nd9_ewpJdrxakGkuhEiDASSvHjXC_ifu' into '/mnt/backup/dandi/dandisets/000041/sub-Dino/sub-Dino_ses-Dino-061814_ecephys.nwb'
2020-10-21T22:31:44-0400 [INFO    ] backups2datalad.py Syncing asset /sub-Dino/sub-Dino_ses-Dino-061914_ecephys.nwb
2020-10-21T22:31:45-0400 [INFO    ] backups2datalad.py Asset not in dataset; will copy
2020-10-21T22:31:45-0400 [INFO    ] backups2datalad.py Asset not found in assetstore; downloading from https://dandiarchive.s3.amazonaws.com/girder-assetstore/40/69/40692a2d1b2c46658bcc5526e549d410?versionId=caF6ScQUiWV3kIdT.4YULIZXWO48p8wY
2020-10-21T22:31:45-0400 [INFO    ] datalad.downloaders Downloading 'https://dandiarchive.s3.amazonaws.com/girder-assetstore/40/69/40692a2d1b2c46658bcc5526e549d410?versionId=caF6ScQUiWV3kIdT.4YULIZXWO48p8wY' into '/mnt/backup/dandi/dandisets/000041/sub-Dino/sub-Dino_ses-Dino-061914_ecephys.nwb'
2020-10-21T22:34:50-0400 [INFO    ] backups2datalad.py Syncing asset /sub-Dino/sub-Dino_ses-Dino-062014_ecephys.nwb
2020-10-21T22:34:51-0400 [INFO    ] backups2datalad.py Asset not in dataset; will copy
2020-10-21T22:34:51-0400 [INFO    ] backups2datalad.py Asset not found in assetstore; downloading from https://dandiarchive.s3.amazonaws.com/girder-assetstore/eb/10/eb108e5f2d6a48eab48020ddbf398b86?versionId=iRUD9okISkvRb5pa2TuJyipL4oGjbezV
2020-10-21T22:34:51-0400 [INFO    ] datalad.downloaders Downloading 'https://dandiarchive.s3.amazonaws.com/girder-assetstore/eb/10/eb108e5f2d6a48eab48020ddbf398b86?versionId=iRUD9okISkvRb5pa2TuJyipL4oGjbezV' into '/mnt/backup/dandi/dandisets/000041/sub-Dino/sub-Dino_ses-Dino-062014_ecephys.nwb'
2020-10-21T22:39:09-0400 [INFO    ] backups2datalad.py Syncing asset /sub-Dino/sub-Dino_ses-Dino-072114_ecephys.nwb
2020-10-21T22:39:10-0400 [INFO    ] backups2datalad.py Asset not in dataset; will copy
2020-10-21T22:39:10-0400 [INFO    ] backups2datalad.py Asset not found in assetstore; downloading from https://dandiarchive.s3.amazonaws.com/girder-assetstore/23/34/233454fdbdc8478b95ec601a73a01618?versionId=UW9knaTXJC.3kg49Kgg5VkdUUZTLgv1E
2020-10-21T22:39:10-0400 [INFO    ] datalad.downloaders Downloading 'https://dandiarchive.s3.amazonaws.com/girder-assetstore/23/34/233454fdbdc8478b95ec601a73a01618?versionId=UW9knaTXJC.3kg49Kgg5VkdUUZTLgv1E' into '/mnt/backup/dandi/dandisets/000041/sub-Dino/sub-Dino_ses-Dino-072114_ecephys.nwb'
2020-10-21T22:41:55-0400 [INFO    ] backups2datalad.py Syncing asset /sub-Dino/sub-Dino_ses-Dino-072314_ecephys.nwb
2020-10-21T22:41:56-0400 [INFO    ] backups2datalad.py Asset not in dataset; will copy
2020-10-21T22:41:56-0400 [INFO    ] backups2datalad.py Asset not found in assetstore; downloading from https://dandiarchive.s3.amazonaws.com/girder-assetstore/b1/37/b137ed18df0c4c2f93bb5863d7df1e03?versionId=lKD2heEtIHIJycb02c2BTd7RoVubqRVF
2020-10-21T22:41:56-0400 [INFO    ] datalad.downloaders Downloading 'https://dandiarchive.s3.amazonaws.com/girder-assetstore/b1/37/b137ed18df0c4c2f93bb5863d7df1e03?versionId=lKD2heEtIHIJycb02c2BTd7RoVubqRVF' into '/mnt/backup/dandi/dandisets/000041/sub-Dino/sub-Dino_ses-Dino-072314_ecephys.nwb'
2020-10-21T22:44:26-0400 [INFO    ] backups2datalad.py Syncing asset /sub-Dino/sub-Dino_ses-Dino-072414_ecephys.nwb
2020-10-21T22:44:26-0400 [INFO    ] backups2datalad.py Asset not in dataset; will copy
2020-10-21T22:44:26-0400 [INFO    ] backups2datalad.py Asset not found in assetstore; downloading from https://dandiarchive.s3.amazonaws.com/girder-assetstore/16/e8/16e804fcaa4e4a57b9576100f45039a0?versionId=fBILI8.iLGn_iESt6_G_d3M9OQL84Ana
2020-10-21T22:44:26-0400 [INFO    ] datalad.downloaders Downloading 'https://dandiarchive.s3.amazonaws.com/girder-assetstore/16/e8/16e804fcaa4e4a57b9576100f45039a0?versionId=fBILI8.iLGn_iESt6_G_d3M9OQL84Ana' into '/mnt/backup/dandi/dandisets/000041/sub-Dino/sub-Dino_ses-Dino-072414_ecephys.nwb'
2020-10-21T22:46:50-0400 [INFO    ] backups2datalad.py Syncing asset /sub-Rizzo/sub-Rizzo_ses-Rizzo-022615_ecephys.nwb
2020-10-21T22:46:50-0400 [INFO    ] backups2datalad.py Asset not in dataset; will copy
2020-10-21T22:46:50-0400 [INFO    ] backups2datalad.py Asset not found in assetstore; downloading from https://dandiarchive.s3.amazonaws.com/girder-assetstore/bd/f7/bdf7181edf1846619e8bb0cee74f97b6?versionId=k2Qyi8D5yMa0c3LNPMkb7R2RDjgCF0_Z
2020-10-21T22:46:50-0400 [INFO    ] datalad.downloaders Downloading 'https://dandiarchive.s3.amazonaws.com/girder-assetstore/bd/f7/bdf7181edf1846619e8bb0cee74f97b6?versionId=k2Qyi8D5yMa0c3LNPMkb7R2RDjgCF0_Z' into '/mnt/backup/dandi/dandisets/000041/sub-Rizzo/sub-Rizzo_ses-Rizzo-022615_ecephys.nwb'
2020-10-21T22:49:46-0400 [INFO    ] backups2datalad.py Syncing asset /sub-Rizzo/sub-Rizzo_ses-Rizzo-022715_ecephys.nwb
2020-10-21T22:49:46-0400 [INFO    ] backups2datalad.py Asset not in dataset; will copy
2020-10-21T22:49:46-0400 [INFO    ] backups2datalad.py Asset not found in assetstore; downloading from https://dandiarchive.s3.amazonaws.com/girder-assetstore/4d/4c/4d4cff78ae834c05917f36367701403b?versionId=KvmjkNXzCEQeroxnjUjhctBFxz62Yu4I
2020-10-21T22:49:47-0400 [INFO    ] datalad.downloaders Downloading 'https://dandiarchive.s3.amazonaws.com/girder-assetstore/4d/4c/4d4cff78ae834c05917f36367701403b?versionId=KvmjkNXzCEQeroxnjUjhctBFxz62Yu4I' into '/mnt/backup/dandi/dandisets/000041/sub-Rizzo/sub-Rizzo_ses-Rizzo-022715_ecephys.nwb'
2020-10-21T22:52:46-0400 [INFO    ] backups2datalad.py Syncing asset /sub-Splinter/sub-Splinter_ses-Splinter-020515_ecephys.nwb
2020-10-21T22:52:46-0400 [INFO    ] backups2datalad.py Asset not in dataset; will copy
2020-10-21T22:52:46-0400 [INFO    ] backups2datalad.py Asset not found in assetstore; downloading from https://dandiarchive.s3.amazonaws.com/girder-assetstore/91/10/9110e0ffdb1349d59da07aaa3a17c14d?versionId=YO4FzaZKBIUv6QxcTJnhn2hxZiBZ3x7Q
2020-10-21T22:52:46-0400 [INFO    ] datalad.downloaders Downloading 'https://dandiarchive.s3.amazonaws.com/girder-assetstore/91/10/9110e0ffdb1349d59da07aaa3a17c14d?versionId=YO4FzaZKBIUv6QxcTJnhn2hxZiBZ3x7Q' into '/mnt/backup/dandi/dandisets/000041/sub-Splinter/sub-Splinter_ses-Splinter-020515_ecephys.nwb'
2020-10-21T22:55:22-0400 [INFO    ] backups2datalad.py Syncing asset /sub-Splinter/sub-Splinter_ses-Splinter-020915_ecephys.nwb
2020-10-21T22:55:22-0400 [INFO    ] backups2datalad.py Asset not in dataset; will copy
2020-10-21T22:55:23-0400 [INFO    ] backups2datalad.py Asset not found in assetstore; downloading from https://dandiarchive.s3.amazonaws.com/girder-assetstore/db/41/db41bb0005e94523b9568758141025ba?versionId=eJ5mQMsIdFf6AESaaDK9jsBI3WR_Zr9d
2020-10-21T22:55:23-0400 [INFO    ] datalad.downloaders Downloading 'https://dandiarchive.s3.amazonaws.com/girder-assetstore/db/41/db41bb0005e94523b9568758141025ba?versionId=eJ5mQMsIdFf6AESaaDK9jsBI3WR_Zr9d' into '/mnt/backup/dandi/dandisets/000041/sub-Splinter/sub-Splinter_ses-Splinter-020915_ecephys.nwb'
2020-10-21T22:57:42-0400 [INFO    ] backups2datalad.py Syncing asset /sub-Templeton/sub-Templeton_ses-Templeton-032415_ecephys.nwb
2020-10-21T22:57:43-0400 [INFO    ] backups2datalad.py Asset not in dataset; will copy
2020-10-21T22:57:43-0400 [INFO    ] backups2datalad.py Asset not found in assetstore; downloading from https://dandiarchive.s3.amazonaws.com/girder-assetstore/16/de/16dec4f5157d446787fe1b01b653fb1a?versionId=6eAjQ9ny_D4fj1xocR6RGaBcqWBwpW2b
2020-10-21T22:57:43-0400 [INFO    ] datalad.downloaders Downloading 'https://dandiarchive.s3.amazonaws.com/girder-assetstore/16/de/16dec4f5157d446787fe1b01b653fb1a?versionId=6eAjQ9ny_D4fj1xocR6RGaBcqWBwpW2b' into '/mnt/backup/dandi/dandisets/000041/sub-Templeton/sub-Templeton_ses-Templeton-032415_ecephys.nwb'
2020-10-21T23:00:57-0400 [INFO    ] backups2datalad.py Commiting changes
